The system is: Windows - 10.0.22631 - AMD64
Compiling the CXX compiler identification source file "CMakeCXXCompilerId.cpp" succeeded.
Compiler: C:/Program Files (x86)/Microsoft Visual Studio/2022/BuildTools/VC/Tools/MSVC/14.39.33519/bin/Hostx64/x64/cl.exe 
Build flags: 
Id flags: -c 

The output was:
0
Microsoft (R) C/C++ Optimizing Compiler Version 19.39.33521 for x64
Copyright (C) Microsoft Corporation.  All rights reserved.

CMakeCXXCompilerId.cpp


Compilation of the CXX compiler identification source "CMakeCXXCompilerId.cpp" produced "CMakeCXXCompilerId.obj"

The CXX compiler identification is MSVC, found in "C:/Users/mousa/Desktop/College/SHANA DALET/FINAL PROJECT/Speech-Therapy-For-Kids-With-Speech-impediments-Using-Speech-Recognition-Technologies/build/CMakeFiles/3.22.1-g37088a8-dirty/CompilerIdCXX/CMakeCXXCompilerId.obj"

Compiling the CXX compiler identification source file "CMakeCXXCompilerId.cpp" succeeded.
Compiler: C:/Program Files (x86)/Microsoft Visual Studio/2022/BuildTools/VC/Tools/MSVC/14.40.33807/bin/Hostx64/x64/cl.exe 
Build flags: /DWIN32;/D_WINDOWS;/W3;/GR;/EHsc
Id flags: -c 

The output was:
0
Microsoft (R) C/C++ Optimizing Compiler Version 19.40.33813 for x64
Copyright (C) Microsoft Corporation.  All rights reserved.

CMakeCXXCompilerId.cpp


Compilation of the CXX compiler identification source "CMakeCXXCompilerId.cpp" produced "CMakeCXXCompilerId.obj"

The CXX compiler identification is MSVC, found in "C:/Users/mousa/Desktop/College/SHANA DALET/FINAL PROJECT/Speech-Therapy-For-Kids-With-Speech-impediments-Using-Speech-Recognition-Technologies/build/CMakeFiles/3.22.1-g37088a8-dirty/CompilerIdCXX/CMakeCXXCompilerId.obj"

Compiling the CXX compiler identification source file "CMakeCXXCompilerId.cpp" succeeded.
Compiler: C:/Program Files (x86)/Microsoft Visual Studio/2022/BuildTools/VC/Tools/MSVC/14.40.33807/bin/Hostx64/x64/cl.exe 
Build flags: /DWIN32;/D_WINDOWS;/W3;/GR;/EHsc
Id flags: -c 

The output was:
0
Microsoft (R) C/C++ Optimizing Compiler Version 19.40.33813 for x64
Copyright (C) Microsoft Corporation.  All rights reserved.

CMakeCXXCompilerId.cpp


Compilation of the CXX compiler identification source "CMakeCXXCompilerId.cpp" produced "CMakeCXXCompilerId.obj"

The CXX compiler identification is MSVC, found in "C:/Users/mousa/Desktop/College/SHANA DALET/FINAL PROJECT/Speech-Therapy-For-Kids-With-Speech-impediments-Using-Speech-Recognition-Technologies/build/CMakeFiles/3.22.1-g37088a8-dirty/CompilerIdCXX/CMakeCXXCompilerId.obj"

